[debug] [2022-02-24T15:21:43.871Z] ----------------------------------------------------------------------
[debug] [2022-02-24T15:21:43.872Z] Command:       C:\Program Files\nodejs\node.exe C:\Users\Windows 10\AppData\Roaming\npm\node_modules\firebase-tools\lib\bin\firebase.js init
[debug] [2022-02-24T15:21:43.873Z] CLI Version:   10.2.1
[debug] [2022-02-24T15:21:43.873Z] Platform:      win32
[debug] [2022-02-24T15:21:43.873Z] Node Version:  v16.14.0
[debug] [2022-02-24T15:21:43.874Z] Time:          Thu Feb 24 2022 12:21:43 GMT-0300 (hora estándar de Argentina)
[debug] [2022-02-24T15:21:43.874Z] ----------------------------------------------------------------------
[debug] 
[debug] [2022-02-24T15:21:43.936Z] > command requires scopes: ["email","openid","https://www.googleapis.com/auth/cloudplatformprojects.readonly","https://www.googleapis.com/auth/firebase","https://www.googleapis.com/auth/cloud-platform"]
[debug] [2022-02-24T15:21:43.937Z] > authorizing via signed-in user (airepublicodigital@gmail.com)
[info] 
     ######## #### ########  ######## ########     ###     ######  ########
     ##        ##  ##     ## ##       ##     ##  ##   ##  ##       ##
     ######    ##  ########  ######   ########  #########  ######  ######
     ##        ##  ##    ##  ##       ##     ## ##     ##       ## ##
     ##       #### ##     ## ######## ########  ##     ##  ######  ########

You're about to initialize a Firebase project in this directory:

  C:\Users\Windows 10\Documents\Repositorios\Angular\workspace\5-Tienda

Before we get started, keep in mind:

  * You are initializing within an existing Firebase project directory

[info] 
=== Project Setup
[info] 
[info] First, let's associate this project directory with a Firebase project.
[info] You can create multiple project aliases by running firebase use --add, 
[info] but for now we'll just set up a default project.
[info] 
[debug] [2022-02-24T15:23:14.549Z] Using project from CLI flag: yarnstore-6959f
[debug] [2022-02-24T15:23:14.552Z] >>> [apiv2][query] GET https://firebase.googleapis.com/v1beta1/projects/yarnstore-6959f [none]
[debug] [2022-02-24T15:23:14.969Z] <<< [apiv2][status] GET https://firebase.googleapis.com/v1beta1/projects/yarnstore-6959f 403
[debug] [2022-02-24T15:23:14.969Z] <<< [apiv2][body] GET https://firebase.googleapis.com/v1beta1/projects/yarnstore-6959f {"error":{"code":403,"message":"The caller does not have permission","status":"PERMISSION_DENIED"}}
[debug] [2022-02-24T15:23:14.971Z] HTTP Error: 403, The caller does not have permission
[debug] [2022-02-24T15:23:15.071Z] FirebaseError: HTTP Error: 403, The caller does not have permission
    at module.exports (C:\Users\Windows 10\AppData\Roaming\npm\node_modules\firebase-tools\lib\responseToError.js:47:12)
    at RetryOperation._fn (C:\Users\Windows 10\AppData\Roaming\npm\node_modules\firebase-tools\lib\apiv2.js:286:39)
    at processTicksAndRejections (node:internal/process/task_queues:96:5)
[error] 
[error] Error: Failed to get Firebase project yarnstore-6959f. Please make sure the project exists and your account has permission to access it.
[debug] [2022-02-24T15:23:20.801Z] ----------------------------------------------------------------------
[debug] [2022-02-24T15:23:20.803Z] Command:       C:\Program Files\nodejs\node.exe C:\Users\Windows 10\AppData\Roaming\npm\node_modules\firebase-tools\lib\bin\firebase.js init
[debug] [2022-02-24T15:23:20.803Z] CLI Version:   10.2.1
[debug] [2022-02-24T15:23:20.803Z] Platform:      win32
[debug] [2022-02-24T15:23:20.803Z] Node Version:  v16.14.0
[debug] [2022-02-24T15:23:20.804Z] Time:          Thu Feb 24 2022 12:23:20 GMT-0300 (hora estándar de Argentina)
[debug] [2022-02-24T15:23:20.805Z] ----------------------------------------------------------------------
[debug] 
[debug] [2022-02-24T15:23:20.871Z] > command requires scopes: ["email","openid","https://www.googleapis.com/auth/cloudplatformprojects.readonly","https://www.googleapis.com/auth/firebase","https://www.googleapis.com/auth/cloud-platform"]
[debug] [2022-02-24T15:23:20.871Z] > authorizing via signed-in user (airepublicodigital@gmail.com)
[info] 
     ######## #### ########  ######## ########     ###     ######  ########
     ##        ##  ##     ## ##       ##     ##  ##   ##  ##       ##
     ######    ##  ########  ######   ########  #########  ######  ######
     ##        ##  ##    ##  ##       ##     ## ##     ##       ## ##
     ##       #### ##     ## ######## ########  ##     ##  ######  ########

You're about to initialize a Firebase project in this directory:

  C:\Users\Windows 10\Documents\Repositorios\Angular\workspace\5-Tienda

Before we get started, keep in mind:

  * You are initializing within an existing Firebase project directory

[info] 
=== Project Setup
[info] 
[info] First, let's associate this project directory with a Firebase project.
[info] You can create multiple project aliases by running firebase use --add, 
[info] but for now we'll just set up a default project.
[info] 
[debug] [2022-02-24T15:23:31.949Z] Using project from CLI flag: yarnstore-6959f
[debug] [2022-02-24T15:23:31.951Z] >>> [apiv2][query] GET https://firebase.googleapis.com/v1beta1/projects/yarnstore-6959f [none]
[debug] [2022-02-24T15:23:32.961Z] <<< [apiv2][status] GET https://firebase.googleapis.com/v1beta1/projects/yarnstore-6959f 403
[debug] [2022-02-24T15:23:32.962Z] <<< [apiv2][body] GET https://firebase.googleapis.com/v1beta1/projects/yarnstore-6959f {"error":{"code":403,"message":"The caller does not have permission","status":"PERMISSION_DENIED"}}
[debug] [2022-02-24T15:23:32.962Z] HTTP Error: 403, The caller does not have permission
[debug] [2022-02-24T15:23:33.049Z] FirebaseError: HTTP Error: 403, The caller does not have permission
    at module.exports (C:\Users\Windows 10\AppData\Roaming\npm\node_modules\firebase-tools\lib\responseToError.js:47:12)
    at RetryOperation._fn (C:\Users\Windows 10\AppData\Roaming\npm\node_modules\firebase-tools\lib\apiv2.js:286:39)
    at processTicksAndRejections (node:internal/process/task_queues:96:5)
[error] 
[error] Error: Failed to get Firebase project yarnstore-6959f. Please make sure the project exists and your account has permission to access it.
[debug] [2022-02-24T15:23:51.730Z] ----------------------------------------------------------------------
[debug] [2022-02-24T15:23:51.731Z] Command:       C:\Program Files\nodejs\node.exe C:\Users\Windows 10\AppData\Roaming\npm\node_modules\firebase-tools\lib\bin\firebase.js init
[debug] [2022-02-24T15:23:51.732Z] CLI Version:   10.2.1
[debug] [2022-02-24T15:23:51.732Z] Platform:      win32
[debug] [2022-02-24T15:23:51.732Z] Node Version:  v16.14.0
[debug] [2022-02-24T15:23:51.733Z] Time:          Thu Feb 24 2022 12:23:51 GMT-0300 (hora estándar de Argentina)
[debug] [2022-02-24T15:23:51.733Z] ----------------------------------------------------------------------
[debug] 
[debug] [2022-02-24T15:23:51.798Z] > command requires scopes: ["email","openid","https://www.googleapis.com/auth/cloudplatformprojects.readonly","https://www.googleapis.com/auth/firebase","https://www.googleapis.com/auth/cloud-platform"]
[debug] [2022-02-24T15:23:51.799Z] > authorizing via signed-in user (airepublicodigital@gmail.com)
[info] 
     ######## #### ########  ######## ########     ###     ######  ########
     ##        ##  ##     ## ##       ##     ##  ##   ##  ##       ##
     ######    ##  ########  ######   ########  #########  ######  ######
     ##        ##  ##    ##  ##       ##     ## ##     ##       ## ##
     ##       #### ##     ## ######## ########  ##     ##  ######  ########

You're about to initialize a Firebase project in this directory:

  C:\Users\Windows 10\Documents\Repositorios\Angular\workspace\5-Tienda

Before we get started, keep in mind:

  * You are initializing within an existing Firebase project directory

[info] 
=== Project Setup
[info] 
[info] First, let's associate this project directory with a Firebase project.
[info] You can create multiple project aliases by running firebase use --add, 
[info] but for now we'll just set up a default project.
[info] 
[debug] [2022-02-24T15:24:40.315Z] Using project from CLI flag: yarnstore-6959f
[debug] [2022-02-24T15:24:40.317Z] >>> [apiv2][query] GET https://firebase.googleapis.com/v1beta1/projects/yarnstore-6959f [none]
[debug] [2022-02-24T15:24:40.743Z] <<< [apiv2][status] GET https://firebase.googleapis.com/v1beta1/projects/yarnstore-6959f 403
[debug] [2022-02-24T15:24:40.743Z] <<< [apiv2][body] GET https://firebase.googleapis.com/v1beta1/projects/yarnstore-6959f {"error":{"code":403,"message":"The caller does not have permission","status":"PERMISSION_DENIED"}}
[debug] [2022-02-24T15:24:40.744Z] HTTP Error: 403, The caller does not have permission
[debug] [2022-02-24T15:24:40.843Z] FirebaseError: HTTP Error: 403, The caller does not have permission
    at module.exports (C:\Users\Windows 10\AppData\Roaming\npm\node_modules\firebase-tools\lib\responseToError.js:47:12)
    at RetryOperation._fn (C:\Users\Windows 10\AppData\Roaming\npm\node_modules\firebase-tools\lib\apiv2.js:286:39)
    at processTicksAndRejections (node:internal/process/task_queues:96:5)
[error] 
[error] Error: Failed to get Firebase project yarnstore-6959f. Please make sure the project exists and your account has permission to access it.
